2025-08-19 17:55:39,345 - INFO - === MoviePy Progressive Builder Captions Test ===
2025-08-19 17:55:39,345 - INFO - Video: uploads/ClipV1.mp4
2025-08-19 17:55:39,346 - INFO - Subtitles: subs/ClipV1.ass
2025-08-19 17:55:39,346 - INFO - Output: outputs/Clip_MoviePy_V1.mp4
2025-08-19 17:55:39,346 - INFO - Fonts detected: {'Black': True, 'Bold': True, 'ExtraBold': True}
2025-08-19 17:55:41,311 - INFO - MoviePy imported successfully
2025-08-19 17:55:41,312 - INFO - Parsing subtitles...
2025-08-19 17:55:41,312 - INFO - Found 18 subtitle segments
2025-08-19 17:55:41,312 - INFO - Generating progressive caption states...
2025-08-19 17:55:41,685 - INFO - Detected video duration: 33.230s
2025-08-19 17:55:41,686 - INFO - Skipping caption level assignment - all captions will use same Y position
2025-08-19 17:55:41,686 - INFO - Generated 130 caption states
2025-08-19 17:55:41,686 - INFO - Generating MoviePy text clip specifications...
2025-08-19 17:55:41,687 - INFO - Using font for MoviePy: Poppins-Black.ttf
2025-08-19 17:55:41,688 - INFO - Generated 130 text clip specifications
2025-08-19 17:55:41,688 - INFO - Loading video...
2025-08-19 17:55:42,034 - INFO - Creating text clips with non-overlapping timing...
2025-08-19 17:55:42,040 - INFO - Created text clip: 'This' at 0.000s to 0.120s (duration: 0.120s)
2025-08-19 17:55:42,045 - INFO - Created text clip: 'This room' at 0.232s to 0.383s (duration: 0.152s)
2025-08-19 17:55:42,051 - INFO - Created text clip: 'This room is' at 0.513s to 0.665s (duration: 0.152s)
2025-08-19 17:55:42,057 - INFO - Created text clip: 'This room is like' at 0.795s to 0.947s (duration: 0.152s)
2025-08-19 17:55:42,063 - INFO - Created text clip: 'This room is like a' at 1.077s to 1.228s (duration: 0.152s)
2025-08-19 17:55:42,068 - INFO - Created text clip: 'room is like a red' at 1.358s to 1.510s (duration: 0.152s)
2025-08-19 17:55:42,074 - INFO - Created text clip: 'is like a red carpet' at 1.640s to 1.792s (duration: 0.152s)
2025-08-19 17:55:42,080 - INFO - Created text clip: 'like a red carpet Hollywood' at 1.922s to 2.073s (duration: 0.152s)
2025-08-19 17:55:42,087 - INFO - Created text clip: 'a red carpet Hollywood
hallway.' at 2.203s to 2.355s (duration: 0.152s)
2025-08-19 17:55:42,091 - INFO - Created text clip: 'I' at 2.535s to 2.655s (duration: 0.120s)
2025-08-19 17:55:42,096 - INFO - Created text clip: 'I say' at 2.707s to 2.827s (duration: 0.120s)
2025-08-19 17:55:42,101 - INFO - Created text clip: 'I' at 2.929s to 3.049s (duration: 0.120s)
2025-08-19 17:55:42,107 - INFO - Created text clip: 'I say we' at 2.965s to 3.085s (duration: 0.120s)
2025-08-19 17:55:42,114 - INFO - Created text clip: 'I see' at 3.152s to 3.272s (duration: 0.120s)
2025-08-19 17:55:42,120 - INFO - Created text clip: 'I say we go' at 3.205s to 3.325s (duration: 0.120s)
2025-08-19 17:55:42,126 - INFO - Created text clip: 'I see some' at 3.374s to 3.494s (duration: 0.120s)
2025-08-19 17:55:42,132 - INFO - Created text clip: 'I say we go to' at 3.445s to 3.565s (duration: 0.120s)
2025-08-19 17:55:42,137 - INFO - Created text clip: 'I see some stars,' at 3.596s to 3.716s (duration: 0.120s)
2025-08-19 17:55:42,142 - INFO - Created text clip: 'say we go to the' at 3.685s to 3.805s (duration: 0.120s)
2025-08-19 17:55:42,150 - INFO - Created text clip: 'I see some stars, where's' at 3.818s to 3.938s (duration: 0.120s)
2025-08-19 17:55:42,156 - INFO - Created text clip: 'we go to the movie' at 3.925s to 4.045s (duration: 0.120s)
2025-08-19 17:55:42,164 - INFO - Created text clip: 'see some stars, where's my' at 4.041s to 4.161s (duration: 0.120s)
2025-08-19 17:55:42,170 - INFO - Created text clip: 'go to the movie exhibit' at 4.165s to 4.285s (duration: 0.120s)
2025-08-19 17:55:42,176 - INFO - Created text clip: 'some stars, where's my name?' at 4.263s to 4.383s (duration: 0.120s)
2025-08-19 17:55:42,183 - INFO - Created text clip: 'to the movie exhibit next.' at 4.455s to 4.575s (duration: 0.120s)
2025-08-19 17:55:42,187 - INFO - Created text clip: 'Wait,' at 4.535s to 4.655s (duration: 0.120s)
2025-08-19 17:55:42,195 - INFO - Created text clip: 'Wait, where's' at 4.625s to 4.745s (duration: 0.120s)
2025-08-19 17:55:42,201 - INFO - Created text clip: 'Wait, where's your' at 4.845s to 4.965s (duration: 0.120s)
2025-08-19 17:55:42,207 - INFO - Created text clip: 'Wait, where's your name?' at 5.065s to 5.185s (duration: 0.120s)
2025-08-19 17:55:42,212 - INFO - Created text clip: 'My' at 5.335s to 5.455s (duration: 0.120s)
2025-08-19 17:55:42,218 - INFO - Created text clip: 'My name's' at 5.491s to 5.611s (duration: 0.120s)
2025-08-19 17:55:42,226 - INFO - Created text clip: 'My name's probably' at 5.696s to 5.816s (duration: 0.120s)
2025-08-19 17:55:42,233 - INFO - Created text clip: 'My name's probably on' at 5.902s to 6.022s (duration: 0.120s)
2025-08-19 17:55:42,239 - INFO - Created text clip: 'My name's probably on the' at 6.108s to 6.228s (duration: 0.120s)
2025-08-19 17:55:42,247 - INFO - Created text clip: 'name's probably on the
biggest' at 6.314s to 6.434s (duration: 0.120s)
2025-08-19 17:55:42,254 - INFO - Created text clip: 'probably on the biggest star' at 6.519s to 6.639s (duration: 0.120s)
2025-08-19 17:55:42,260 - INFO - Created text clip: 'on' at 6.775s to 6.895s (duration: 0.120s)
2025-08-19 17:55:42,266 - INFO - Created text clip: 'on the' at 6.931s to 7.051s (duration: 0.120s)
2025-08-19 17:55:42,273 - INFO - Created text clip: 'on the other' at 7.136s to 7.256s (duration: 0.120s)
2025-08-19 17:55:42,279 - INFO - Created text clip: 'on the other side' at 7.342s to 7.462s (duration: 0.120s)
2025-08-19 17:55:42,285 - INFO - Created text clip: 'on the other side of' at 7.548s to 7.668s (duration: 0.120s)
2025-08-19 17:55:42,292 - INFO - Created text clip: 'the other side of the' at 7.754s to 7.874s (duration: 0.120s)
2025-08-19 17:55:42,298 - INFO - Created text clip: 'other side of the room.' at 7.959s to 8.079s (duration: 0.120s)
2025-08-19 17:55:42,303 - INFO - Created text clip: 'Oh,' at 8.215s to 8.695s (duration: 0.480s)
2025-08-19 17:55:42,310 - INFO - Created text clip: 'Oh, oh' at 8.825s to 9.355s (duration: 0.530s)
2025-08-19 17:55:42,315 - INFO - Created text clip: 'Oh, oh my' at 9.485s to 10.015s (duration: 0.530s)
2025-08-19 17:55:42,321 - INFO - Created text clip: 'Oh, oh my gosh.' at 10.145s to 10.675s (duration: 0.530s)
2025-08-19 17:55:42,327 - INFO - Created text clip: 'I' at 10.855s to 10.975s (duration: 0.120s)
2025-08-19 17:55:42,332 - INFO - Created text clip: 'I feel' at 11.053s to 11.173s (duration: 0.120s)
2025-08-19 17:55:42,339 - INFO - Created text clip: 'I feel like' at 11.301s to 11.421s (duration: 0.120s)
2025-08-19 17:55:42,346 - INFO - Created text clip: 'I feel like we' at 11.549s to 11.669s (duration: 0.120s)
2025-08-19 17:55:42,352 - INFO - Created text clip: 'I feel like we just' at 11.797s to 11.917s (duration: 0.120s)
2025-08-19 17:55:42,358 - INFO - Created text clip: 'feel like we just walked' at 12.045s to 12.165s (duration: 0.120s)
2025-08-19 17:55:42,367 - INFO - Created text clip: 'like we just walked onto' at 12.293s to 12.413s (duration: 0.120s)
2025-08-19 17:55:42,373 - INFO - Created text clip: 'we just walked onto a' at 12.541s to 12.661s (duration: 0.120s)
2025-08-19 17:55:42,380 - INFO - Created text clip: 'just walked onto a movie' at 12.789s to 12.909s (duration: 0.120s)
2025-08-19 17:55:42,387 - INFO - Created text clip: 'walked onto a movie set.' at 13.037s to 13.157s (duration: 0.120s)
2025-08-19 17:55:42,394 - INFO - Created text clip: 'There's' at 13.335s to 13.572s (duration: 0.237s)
2025-08-19 17:55:42,401 - INFO - Created text clip: 'There's so' at 13.702s to 13.989s (duration: 0.287s)
2025-08-19 17:55:42,408 - INFO - Created text clip: 'There's so many' at 14.119s to 14.406s (duration: 0.287s)
2025-08-19 17:55:42,416 - INFO - Created text clip: 'There's so many creators' at 14.536s to 14.824s (duration: 0.287s)
2025-08-19 17:55:42,424 - INFO - Created text clip: 'There's so many creators
make' at 14.954s to 15.241s (duration: 0.287s)
2025-08-19 17:55:42,433 - INFO - Created text clip: 'so many creators make
full-on' at 15.371s to 15.658s (duration: 0.287s)
2025-08-19 17:55:42,443 - INFO - Created text clip: 'many creators make full-on
movies,' at 15.788s to 16.075s (duration: 0.287s)
2025-08-19 17:55:42,449 - INFO - Created text clip: 'TV' at 16.255s to 16.489s (duration: 0.234s)
2025-08-19 17:55:42,455 - INFO - Created text clip: 'TV shows,' at 16.619s to 16.902s (duration: 0.284s)
2025-08-19 17:55:42,461 - INFO - Created text clip: 'TV shows, and' at 17.032s to 17.316s (duration: 0.284s)
2025-08-19 17:55:42,469 - INFO - Created text clip: 'TV shows, and music' at 17.446s to 17.729s (duration: 0.284s)
2025-08-19 17:55:42,475 - INFO - Created text clip: 'TV shows, and music videos' at 17.859s to 18.143s (duration: 0.284s)
2025-08-19 17:55:42,481 - INFO - Created text clip: 'shows, and music videos on' at 18.273s to 18.556s (duration: 0.284s)
2025-08-19 17:55:42,488 - INFO - Created text clip: 'and music videos on Roblox.' at 18.686s to 18.970s (duration: 0.284s)
2025-08-19 17:55:42,493 - INFO - Created text clip: 'This' at 19.150s to 19.270s (duration: 0.120s)
2025-08-19 17:55:42,497 - INFO - Created text clip: 'This is' at 19.306s to 19.426s (duration: 0.120s)
2025-08-19 17:55:42,504 - INFO - Created text clip: 'This is pretty' at 19.512s to 19.633s (duration: 0.120s)
2025-08-19 17:55:42,511 - INFO - Created text clip: 'This is pretty cool.' at 19.719s to 19.839s (duration: 0.120s)
2025-08-19 17:55:42,515 - INFO - Created text clip: 'The' at 19.975s to 20.139s (duration: 0.164s)
2025-08-19 17:55:42,521 - INFO - Created text clip: 'The Last' at 20.269s to 20.483s (duration: 0.214s)
2025-08-19 17:55:42,526 - INFO - Created text clip: 'The Last Guest' at 20.613s to 20.827s (duration: 0.214s)
2025-08-19 17:55:42,534 - INFO - Created text clip: 'The Last Guest full' at 20.957s to 21.171s (duration: 0.214s)
2025-08-19 17:55:42,541 - INFO - Created text clip: 'The Last Guest full movie.' at 21.301s to 21.515s (duration: 0.214s)
2025-08-19 17:55:42,546 - INFO - Created text clip: 'The' at 21.695s to 21.922s (duration: 0.227s)
2025-08-19 17:55:42,551 - INFO - Created text clip: 'The Bacon' at 22.052s to 22.328s (duration: 0.277s)
2025-08-19 17:55:42,557 - INFO - Created text clip: 'The Bacon Dictatorship' at 22.458s to 22.735s (duration: 0.277s)
2025-08-19 17:55:42,564 - INFO - Created text clip: 'The Bacon Dictatorship has' at 22.865s to 23.142s (duration: 0.277s)
2025-08-19 17:55:42,574 - INFO - Created text clip: 'The Bacon Dictatorship has
caused' at 23.272s to 23.548s (duration: 0.277s)
2025-08-19 17:55:42,581 - INFO - Created text clip: 'Bacon Dictatorship has
caused fear' at 23.678s to 23.955s (duration: 0.277s)
2025-08-19 17:55:42,588 - INFO - Created text clip: 'and' at 24.135s to 24.255s (duration: 0.120s)
2025-08-19 17:55:42,594 - INFO - Created text clip: 'and destruction' at 24.374s to 24.533s (duration: 0.159s)
2025-08-19 17:55:42,600 - INFO - Created text clip: 'and destruction on' at 24.663s to 24.822s (duration: 0.159s)
2025-08-19 17:55:42,605 - INFO - Created text clip: 'and destruction on our' at 24.952s to 25.111s (duration: 0.159s)
2025-08-19 17:55:42,612 - INFO - Created text clip: 'and destruction on our
people' at 25.241s to 25.399s (duration: 0.159s)
2025-08-19 17:55:42,620 - INFO - Created text clip: 'destruction on our people
for' at 25.529s to 25.688s (duration: 0.159s)
2025-08-19 17:55:42,626 - INFO - Created text clip: 'on our people for far' at 25.818s to 25.977s (duration: 0.159s)
2025-08-19 17:55:42,631 - INFO - Created text clip: 'our people for far too' at 26.107s to 26.266s (duration: 0.159s)
2025-08-19 17:55:42,638 - INFO - Created text clip: 'people for far too long.' at 26.396s to 26.555s (duration: 0.159s)
2025-08-19 17:55:42,642 - INFO - Created text clip: 'The' at 26.735s to 26.870s (duration: 0.135s)
2025-08-19 17:55:42,647 - INFO - Created text clip: 'The Last' at 27.000s to 27.185s (duration: 0.185s)
2025-08-19 17:55:42,653 - INFO - Created text clip: 'The Last Guest' at 27.315s to 27.500s (duration: 0.185s)
2025-08-19 17:55:42,659 - INFO - Created text clip: 'The Last Guest is' at 27.630s to 27.815s (duration: 0.185s)
2025-08-19 17:55:42,666 - INFO - Created text clip: 'The Last Guest is something' at 27.945s to 28.130s (duration: 0.185s)
2025-08-19 17:55:42,672 - INFO - Created text clip: 'Last Guest is something that' at 28.260s to 28.445s (duration: 0.185s)
2025-08-19 17:55:42,680 - INFO - Created text clip: 'Guest is something that
every' at 28.575s to 28.760s (duration: 0.185s)
2025-08-19 17:55:42,688 - INFO - Created text clip: 'is something that every
Robloxian' at 28.890s to 29.075s (duration: 0.185s)
2025-08-19 17:55:42,694 - INFO - Created text clip: 'should' at 29.255s to 29.483s (duration: 0.228s)
2025-08-19 17:55:42,700 - INFO - Created text clip: 'should watch' at 29.613s to 29.891s (duration: 0.278s)
2025-08-19 17:55:42,707 - INFO - Created text clip: 'should watch at' at 30.021s to 30.299s (duration: 0.278s)
2025-08-19 17:55:42,714 - INFO - Created text clip: 'should watch at least' at 30.429s to 30.707s (duration: 0.278s)
2025-08-19 17:55:42,720 - INFO - Created text clip: 'should watch at least once.' at 30.837s to 31.115s (duration: 0.278s)
2025-08-19 17:55:42,725 - INFO - Created text clip: 'Oh,' at 31.295s to 31.451s (duration: 0.156s)
2025-08-19 17:55:42,731 - INFO - Created text clip: 'Oh, I' at 31.581s to 31.787s (duration: 0.206s)
2025-08-19 17:55:42,738 - INFO - Created text clip: 'Oh, I know' at 31.917s to 32.123s (duration: 0.206s)
2025-08-19 17:55:42,743 - INFO - Created text clip: 'Oh, I know this' at 32.253s to 32.459s (duration: 0.206s)
2025-08-19 17:55:42,751 - INFO - Created text clip: 'Oh, I know this one.' at 32.589s to 32.709s (duration: 0.120s)
2025-08-19 17:55:42,758 - INFO - Created text clip: 'This' at 32.975s to 33.095s (duration: 0.120s)
2025-08-19 17:55:42,765 - INFO - Created text clip: 'This is' at 32.845s to 32.965s (duration: 0.120s)
2025-08-19 17:55:42,771 - INFO - Created text clip: 'This is a' at 32.965s to 33.085s (duration: 0.120s)
2025-08-19 17:55:42,776 - INFO - Created text clip: 'This is a Roblox' at 33.085s to 33.205s (duration: 0.120s)
2025-08-19 17:55:42,785 - INFO - Created text clip: 'This is a Roblox music' at 33.180s to 33.300s (duration: 0.120s)
2025-08-19 17:55:42,792 - INFO - Created text clip: 'is a Roblox music video' at 33.180s to 33.300s (duration: 0.120s)
2025-08-19 17:55:42,799 - INFO - Created text clip: 'a Roblox music video and' at 33.180s to 33.300s (duration: 0.120s)
2025-08-19 17:55:42,807 - INFO - Created text clip: 'Roblox music video and
there's' at 33.180s to 33.300s (duration: 0.120s)
2025-08-19 17:55:42,813 - INFO - Created text clip: 'music video and there's so' at 33.180s to 33.300s (duration: 0.120s)
2025-08-19 17:55:42,820 - INFO - Created text clip: 'video and there's so many' at 33.180s to 33.300s (duration: 0.120s)
2025-08-19 17:55:42,828 - INFO - Created text clip: 'and there's so many bacon' at 33.180s to 33.300s (duration: 0.120s)
2025-08-19 17:55:42,838 - INFO - Created text clip: 'there's so many bacon hairs' at 33.180s to 33.300s (duration: 0.120s)
2025-08-19 17:55:42,845 - INFO - Created text clip: 'so many bacon hairs in' at 33.180s to 33.300s (duration: 0.120s)
2025-08-19 17:55:42,852 - INFO - Created text clip: 'many bacon hairs in this' at 33.180s to 33.300s (duration: 0.120s)
2025-08-19 17:55:42,858 - INFO - Created text clip: 'bacon hairs in this video,' at 33.180s to 33.300s (duration: 0.120s)
2025-08-19 17:55:42,865 - INFO - Created text clip: 'hairs in this video, it's' at 33.180s to 33.300s (duration: 0.120s)
2025-08-19 17:55:42,874 - INFO - Created text clip: 'in this video, it's crazy.' at 33.180s to 33.300s (duration: 0.120s)
2025-08-19 17:55:42,874 - INFO - Successfully created 130 text clips
2025-08-19 17:55:42,874 - INFO - Validating caption timing...
2025-08-19 17:55:42,875 - WARNING - Overlap detected: clip 11 ends at 3.049s, clip 12 starts at 2.965s
2025-08-19 17:55:42,875 - WARNING - Overlap detected: clip 13 ends at 3.272s, clip 14 starts at 3.205s
2025-08-19 17:55:42,875 - WARNING - Overlap detected: clip 15 ends at 3.494s, clip 16 starts at 3.445s
2025-08-19 17:55:42,875 - WARNING - Overlap detected: clip 17 ends at 3.716s, clip 18 starts at 3.685s
2025-08-19 17:55:42,876 - WARNING - Overlap detected: clip 19 ends at 3.938s, clip 20 starts at 3.925s
2025-08-19 17:55:42,876 - WARNING - Overlap detected: clip 20 ends at 4.045s, clip 21 starts at 4.041s
2025-08-19 17:55:42,876 - WARNING - Overlap detected: clip 22 ends at 4.285s, clip 23 starts at 4.263s
2025-08-19 17:55:42,876 - WARNING - Overlap detected: clip 24 ends at 4.575s, clip 25 starts at 4.535s
2025-08-19 17:55:42,876 - WARNING - Overlap detected: clip 25 ends at 4.655s, clip 26 starts at 4.625s
2025-08-19 17:55:42,877 - WARNING - Overlap detected: clip 113 ends at 33.095s, clip 114 starts at 32.845s
2025-08-19 17:55:42,877 - WARNING - Overlap detected: clip 116 ends at 33.205s, clip 117 starts at 33.180s
2025-08-19 17:55:42,877 - WARNING - Overlap detected: clip 117 ends at 33.300s, clip 118 starts at 33.180s
2025-08-19 17:55:42,877 - WARNING - Overlap detected: clip 118 ends at 33.300s, clip 119 starts at 33.180s
2025-08-19 17:55:42,877 - WARNING - Overlap detected: clip 119 ends at 33.300s, clip 120 starts at 33.180s
2025-08-19 17:55:42,877 - WARNING - Overlap detected: clip 120 ends at 33.300s, clip 121 starts at 33.180s
2025-08-19 17:55:42,877 - WARNING - Overlap detected: clip 121 ends at 33.300s, clip 122 starts at 33.180s
2025-08-19 17:55:42,878 - WARNING - Overlap detected: clip 122 ends at 33.300s, clip 123 starts at 33.180s
2025-08-19 17:55:42,878 - WARNING - Overlap detected: clip 123 ends at 33.300s, clip 124 starts at 33.180s
2025-08-19 17:55:42,878 - WARNING - Overlap detected: clip 124 ends at 33.300s, clip 125 starts at 33.180s
2025-08-19 17:55:42,878 - WARNING - Overlap detected: clip 125 ends at 33.300s, clip 126 starts at 33.180s
2025-08-19 17:55:42,878 - WARNING - Overlap detected: clip 126 ends at 33.300s, clip 127 starts at 33.180s
2025-08-19 17:55:42,879 - WARNING - Overlap detected: clip 127 ends at 33.300s, clip 128 starts at 33.180s
2025-08-19 17:55:42,879 - WARNING - Overlap detected: clip 128 ends at 33.300s, clip 129 starts at 33.180s
2025-08-19 17:55:42,882 - INFO - Compositing video with text clips...
2025-08-19 17:55:42,936 - INFO - Writing output to: outputs/Clip_MoviePy_V1.mp4
2025-08-19 17:57:43,212 - INFO - MoviePy processing completed successfully
2025-08-19 17:57:43,213 - INFO - Output file created: outputs/Clip_MoviePy_V1.mp4 (14.08 MB)
